<?xml version="1.0" encoding="UTF-8" ?>
<testsuite failures="1" time="0.016" errors="0" skipped="0" tests="1" name="gov.va.research.inlp.model.VttDocumentTest">
  <properties>
    <property name="java.runtime.name" value="Java(TM) SE Runtime Environment"/>
    <property name="sun.boot.library.path" value="/System/Library/Java/JavaVirtualMachines/1.6.0.jdk/Contents/Libraries"/>
    <property name="java.vm.version" value="17.1-b03-307"/>
    <property name="awt.nativeDoubleBuffering" value="true"/>
    <property name="gopherProxySet" value="false"/>
    <property name="mrj.build" value="10M3261"/>
    <property name="java.vm.vendor" value="Apple Inc."/>
    <property name="java.vendor.url" value="http://www.apple.com/"/>
    <property name="path.separator" value=":"/>
    <property name="java.vm.name" value="Java HotSpot(TM) 64-Bit Server VM"/>
    <property name="file.encoding.pkg" value="sun.io"/>
    <property name="user.country" value="US"/>
    <property name="sun.java.launcher" value="SUN_STANDARD"/>
    <property name="sun.os.patch.level" value="unknown"/>
    <property name="java.vm.specification.name" value="Java Virtual Machine Specification"/>
    <property name="user.dir" value="/Users/ryancornia/vault/v3nlp-server"/>
    <property name="java.runtime.version" value="1.6.0_22-b04-307-10M3261"/>
    <property name="java.awt.graphicsenv" value="apple.awt.CGraphicsEnvironment"/>
    <property name="basedir" value="/Users/ryancornia/vault/v3nlp-server"/>
    <property name="java.endorsed.dirs" value="/System/Library/Java/JavaVirtualMachines/1.6.0.jdk/Contents/Home/lib/endorsed"/>
    <property name="os.arch" value="x86_64"/>
    <property name="surefire.real.class.path" value="/var/folders/Qi/QicuXKYEGpqes8Sjgmo31U+++TI/-Tmp-/surefirebooter907615233906954548.jar"/>
    <property name="java.io.tmpdir" value="/var/folders/Qi/QicuXKYEGpqes8Sjgmo31U+++TI/-Tmp-/"/>
    <property name="line.separator" value="
"/>
    <property name="java.vm.specification.vendor" value="Sun Microsystems Inc."/>
    <property name="os.name" value="Mac OS X"/>
    <property name="sun.jnu.encoding" value="MacRoman"/>
    <property name="java.library.path" value=".:/Users/ryancornia/Library/Java/Extensions:/Library/Java/Extensions:/System/Library/Java/Extensions:/usr/lib/java"/>
    <property name="surefire.test.class.path" value="/Users/ryancornia/vault/v3nlp-server/target/test-classes:/Users/ryancornia/vault/v3nlp-server/target/classes:/Users/ryancornia/.m2/repository/gov/va/research/common-model/1.0-SNAPSHOT/common-model-1.0-SNAPSHOT.jar:/Users/ryancornia/.m2/repository/com/thoughtworks/xstream/xstream/1.3/xstream-1.3.jar:/Users/ryancornia/.m2/repository/xpp3/xpp3_min/1.1.4c/xpp3_min-1.1.4c.jar:/Users/ryancornia/.m2/repository/commons-lang/commons-lang/2.5/commons-lang-2.5.jar:/Users/ryancornia/.m2/repository/org/mockito/mockito-all/1.8.3/mockito-all-1.8.3.jar:/Users/ryancornia/.m2/repository/junit/junit/4.8.1/junit-4.8.1.jar:/Users/ryancornia/.m2/repository/org/springframework/spring-webmvc/3.0.1.RELEASE/spring-webmvc-3.0.1.RELEASE.jar:/Users/ryancornia/.m2/repository/org/springframework/spring-asm/3.0.1.RELEASE/spring-asm-3.0.1.RELEASE.jar:/Users/ryancornia/.m2/repository/org/springframework/spring-beans/3.0.1.RELEASE/spring-beans-3.0.1.RELEASE.jar:/Users/ryancornia/.m2/repository/org/springframework/spring-core/3.0.1.RELEASE/spring-core-3.0.1.RELEASE.jar:/Users/ryancornia/.m2/repository/commons-logging/commons-logging/1.1.1/commons-logging-1.1.1.jar:/Users/ryancornia/.m2/repository/org/springframework/spring-context/3.0.1.RELEASE/spring-context-3.0.1.RELEASE.jar:/Users/ryancornia/.m2/repository/org/springframework/spring-aop/3.0.1.RELEASE/spring-aop-3.0.1.RELEASE.jar:/Users/ryancornia/.m2/repository/aopalliance/aopalliance/1.0/aopalliance-1.0.jar:/Users/ryancornia/.m2/repository/org/springframework/spring-expression/3.0.1.RELEASE/spring-expression-3.0.1.RELEASE.jar:/Users/ryancornia/.m2/repository/org/springframework/spring-web/3.0.1.RELEASE/spring-web-3.0.1.RELEASE.jar:/Users/ryancornia/.m2/repository/org/springframework/spring-context-support/3.0.1.RELEASE/spring-context-support-3.0.1.RELEASE.jar:/Users/ryancornia/.m2/repository/org/springframework/spring-jdbc/3.0.1.RELEASE/spring-jdbc-3.0.1.RELEASE.jar:/Users/ryancornia/.m2/repository/org/springframework/spring-tx/3.0.1.RELEASE/spring-tx-3.0.1.RELEASE.jar:/Users/ryancornia/.m2/repository/org/springframework/flex/spring-flex/1.0.3.RELEASE/spring-flex-1.0.3.RELEASE.jar:/Users/ryancornia/.m2/repository/backport-util-concurrent/backport-util-concurrent/2.2/backport-util-concurrent-2.2.jar:/Users/ryancornia/.m2/repository/commons-httpclient/commons-httpclient/3.1/commons-httpclient-3.1.jar:/Users/ryancornia/.m2/repository/commons-codec/commons-codec/1.4/commons-codec-1.4.jar:/Users/ryancornia/.m2/repository/cglib/cglib-nodep/2.1_3/cglib-nodep-2.1_3.jar:/Users/ryancornia/.m2/repository/com/adobe/blazeds/blazeds-core/3.2.0.3978/blazeds-core-3.2.0.3978.jar:/Users/ryancornia/.m2/repository/com/adobe/blazeds/blazeds-common/3.2.0.3978/blazeds-common-3.2.0.3978.jar:/Users/ryancornia/.m2/repository/com/adobe/blazeds/blazeds-proxy/3.2.0.3978/blazeds-proxy-3.2.0.3978.jar:/Users/ryancornia/.m2/repository/com/adobe/blazeds/blazeds-remoting/3.2.0.3978/blazeds-remoting-3.2.0.3978.jar:/Users/ryancornia/.m2/repository/hitex/hitex/2.6.1/hitex-2.6.1.jar:/Users/ryancornia/.m2/repository/gate/gate/5.1/gate-5.1.jar:/Users/ryancornia/.m2/repository/gate/chunker/5.1/chunker-5.1.jar:/Users/ryancornia/.m2/repository/gate/gate-asm/5.1/gate-asm-5.1.jar:/Users/ryancornia/.m2/repository/gate/ontotext/5.1/ontotext-5.1.jar:/Users/ryancornia/.m2/repository/gate/gate-compiler-jdt/5.1/gate-compiler-jdt-5.1.jar:/Users/ryancornia/.m2/repository/dsg/umlsmap/1/umlsmap-1.jar:/Users/ryancornia/.m2/repository/dsg/ngram/1/ngram-1.jar:/Users/ryancornia/.m2/repository/weka/weka/3.5.7/weka-3.5.7.jar:/Users/ryancornia/.m2/repository/org/codehaus/woodstox/wstx-lgpl/3.2.3/wstx-lgpl-3.2.3.jar:/Users/ryancornia/.m2/repository/stax/stax-api/1.0.1/stax-api-1.0.1.jar:/Users/ryancornia/.m2/repository/ctakes/ctakes-core/1.0.5/ctakes-core-1.0.5.jar:/Users/ryancornia/.m2/repository/ctakes/ctakes-pos_tagger/1.0.5/ctakes-pos_tagger-1.0.5.jar:/Users/ryancornia/.m2/repository/org/jdom/jdom/1.1/jdom-1.1.jar:/Users/ryancornia/.m2/repository/xerces/xercesImpl/2.6.1/xercesImpl-2.6.1.jar:/Users/ryancornia/.m2/repository/nekohtml/nekohtml/0.9.5/nekohtml-0.9.5.jar:/Users/ryancornia/.m2/repository/pdfbox/pdfbox/0.7.3/pdfbox-0.7.3.jar:/Users/ryancornia/.m2/repository/org/fontbox/fontbox/0.1.0/fontbox-0.1.0.jar:/Users/ryancornia/.m2/repository/org/jempbox/jempbox/0.2.0/jempbox-0.2.0.jar:/Users/ryancornia/.m2/repository/bouncycastle/bcmail-jdk14/136/bcmail-jdk14-136.jar:/Users/ryancornia/.m2/repository/bouncycastle/bcprov-jdk14/136/bcprov-jdk14-136.jar:/Users/ryancornia/.m2/repository/log4j/log4j/1.2.14/log4j-1.2.14.jar:/Users/ryancornia/.m2/repository/gov/nih/nlm/nls/metamapapi/2009.2/metamapapi-2009.2.jar:/Users/ryancornia/.m2/repository/se/sics/prologbeans/2009.2/prologbeans-2009.2.jar:/Users/ryancornia/.m2/repository/org/projectlombok/lombok/0.9.2/lombok-0.9.2.jar:/Users/ryancornia/.m2/repository/commons-validator/commons-validator/1.3.1/commons-validator-1.3.1.jar:/Users/ryancornia/.m2/repository/commons-beanutils/commons-beanutils/1.7.0/commons-beanutils-1.7.0.jar:/Users/ryancornia/.m2/repository/commons-digester/commons-digester/1.6/commons-digester-1.6.jar:/Users/ryancornia/.m2/repository/commons-collections/commons-collections/3.1/commons-collections-3.1.jar:/Users/ryancornia/.m2/repository/xml-apis/xml-apis/1.0.b2/xml-apis-1.0.b2.jar:/Users/ryancornia/.m2/repository/opensymphony/sitemesh/2.4.2/sitemesh-2.4.2.jar:/Users/ryancornia/.m2/repository/displaytag/displaytag/1.2/displaytag-1.2.jar:/Users/ryancornia/.m2/repository/com/lowagie/itext/1.3/itext-1.3.jar:/Users/ryancornia/.m2/repository/org/slf4j/jcl104-over-slf4j/1.4.2/jcl104-over-slf4j-1.4.2.jar:/Users/ryancornia/.m2/repository/org/slf4j/slf4j-log4j12/1.4.2/slf4j-log4j12-1.4.2.jar:/Users/ryancornia/.m2/repository/org/slf4j/slf4j-api/1.4.2/slf4j-api-1.4.2.jar:/Users/ryancornia/.m2/repository/javax/servlet/servlet-api/2.5/servlet-api-2.5.jar:/Users/ryancornia/.m2/repository/org/apache/tomcat/jsp-api/6.0.29/jsp-api-6.0.29.jar:/Users/ryancornia/.m2/repository/org/apache/tomcat/el-api/6.0.29/el-api-6.0.29.jar:/Users/ryancornia/.m2/repository/org/apache/tomcat/servlet-api/6.0.29/servlet-api-6.0.29.jar:"/>
    <property name="java.specification.name" value="Java Platform API Specification"/>
    <property name="java.class.version" value="50.0"/>
    <property name="sun.management.compiler" value="HotSpot 64-Bit Server Compiler"/>
    <property name="os.version" value="10.6.4"/>
    <property name="http.nonProxyHosts" value="local|*.local|169.254/16|*.169.254/16"/>
    <property name="user.home" value="/Users/ryancornia"/>
    <property name="user.timezone" value=""/>
    <property name="java.awt.printerjob" value="apple.awt.CPrinterJob"/>
    <property name="java.specification.version" value="1.6"/>
    <property name="file.encoding" value="MacRoman"/>
    <property name="user.name" value="ryancornia"/>
    <property name="java.class.path" value="/Users/ryancornia/vault/v3nlp-server/target/test-classes:/Users/ryancornia/vault/v3nlp-server/target/classes:/Users/ryancornia/.m2/repository/gov/va/research/common-model/1.0-SNAPSHOT/common-model-1.0-SNAPSHOT.jar:/Users/ryancornia/.m2/repository/com/thoughtworks/xstream/xstream/1.3/xstream-1.3.jar:/Users/ryancornia/.m2/repository/xpp3/xpp3_min/1.1.4c/xpp3_min-1.1.4c.jar:/Users/ryancornia/.m2/repository/commons-lang/commons-lang/2.5/commons-lang-2.5.jar:/Users/ryancornia/.m2/repository/org/mockito/mockito-all/1.8.3/mockito-all-1.8.3.jar:/Users/ryancornia/.m2/repository/junit/junit/4.8.1/junit-4.8.1.jar:/Users/ryancornia/.m2/repository/org/springframework/spring-webmvc/3.0.1.RELEASE/spring-webmvc-3.0.1.RELEASE.jar:/Users/ryancornia/.m2/repository/org/springframework/spring-asm/3.0.1.RELEASE/spring-asm-3.0.1.RELEASE.jar:/Users/ryancornia/.m2/repository/org/springframework/spring-beans/3.0.1.RELEASE/spring-beans-3.0.1.RELEASE.jar:/Users/ryancornia/.m2/repository/org/springframework/spring-core/3.0.1.RELEASE/spring-core-3.0.1.RELEASE.jar:/Users/ryancornia/.m2/repository/commons-logging/commons-logging/1.1.1/commons-logging-1.1.1.jar:/Users/ryancornia/.m2/repository/org/springframework/spring-context/3.0.1.RELEASE/spring-context-3.0.1.RELEASE.jar:/Users/ryancornia/.m2/repository/org/springframework/spring-aop/3.0.1.RELEASE/spring-aop-3.0.1.RELEASE.jar:/Users/ryancornia/.m2/repository/aopalliance/aopalliance/1.0/aopalliance-1.0.jar:/Users/ryancornia/.m2/repository/org/springframework/spring-expression/3.0.1.RELEASE/spring-expression-3.0.1.RELEASE.jar:/Users/ryancornia/.m2/repository/org/springframework/spring-web/3.0.1.RELEASE/spring-web-3.0.1.RELEASE.jar:/Users/ryancornia/.m2/repository/org/springframework/spring-context-support/3.0.1.RELEASE/spring-context-support-3.0.1.RELEASE.jar:/Users/ryancornia/.m2/repository/org/springframework/spring-jdbc/3.0.1.RELEASE/spring-jdbc-3.0.1.RELEASE.jar:/Users/ryancornia/.m2/repository/org/springframework/spring-tx/3.0.1.RELEASE/spring-tx-3.0.1.RELEASE.jar:/Users/ryancornia/.m2/repository/org/springframework/flex/spring-flex/1.0.3.RELEASE/spring-flex-1.0.3.RELEASE.jar:/Users/ryancornia/.m2/repository/backport-util-concurrent/backport-util-concurrent/2.2/backport-util-concurrent-2.2.jar:/Users/ryancornia/.m2/repository/commons-httpclient/commons-httpclient/3.1/commons-httpclient-3.1.jar:/Users/ryancornia/.m2/repository/commons-codec/commons-codec/1.4/commons-codec-1.4.jar:/Users/ryancornia/.m2/repository/cglib/cglib-nodep/2.1_3/cglib-nodep-2.1_3.jar:/Users/ryancornia/.m2/repository/com/adobe/blazeds/blazeds-core/3.2.0.3978/blazeds-core-3.2.0.3978.jar:/Users/ryancornia/.m2/repository/com/adobe/blazeds/blazeds-common/3.2.0.3978/blazeds-common-3.2.0.3978.jar:/Users/ryancornia/.m2/repository/com/adobe/blazeds/blazeds-proxy/3.2.0.3978/blazeds-proxy-3.2.0.3978.jar:/Users/ryancornia/.m2/repository/com/adobe/blazeds/blazeds-remoting/3.2.0.3978/blazeds-remoting-3.2.0.3978.jar:/Users/ryancornia/.m2/repository/hitex/hitex/2.6.1/hitex-2.6.1.jar:/Users/ryancornia/.m2/repository/gate/gate/5.1/gate-5.1.jar:/Users/ryancornia/.m2/repository/gate/chunker/5.1/chunker-5.1.jar:/Users/ryancornia/.m2/repository/gate/gate-asm/5.1/gate-asm-5.1.jar:/Users/ryancornia/.m2/repository/gate/ontotext/5.1/ontotext-5.1.jar:/Users/ryancornia/.m2/repository/gate/gate-compiler-jdt/5.1/gate-compiler-jdt-5.1.jar:/Users/ryancornia/.m2/repository/dsg/umlsmap/1/umlsmap-1.jar:/Users/ryancornia/.m2/repository/dsg/ngram/1/ngram-1.jar:/Users/ryancornia/.m2/repository/weka/weka/3.5.7/weka-3.5.7.jar:/Users/ryancornia/.m2/repository/org/codehaus/woodstox/wstx-lgpl/3.2.3/wstx-lgpl-3.2.3.jar:/Users/ryancornia/.m2/repository/stax/stax-api/1.0.1/stax-api-1.0.1.jar:/Users/ryancornia/.m2/repository/ctakes/ctakes-core/1.0.5/ctakes-core-1.0.5.jar:/Users/ryancornia/.m2/repository/ctakes/ctakes-pos_tagger/1.0.5/ctakes-pos_tagger-1.0.5.jar:/Users/ryancornia/.m2/repository/org/jdom/jdom/1.1/jdom-1.1.jar:/Users/ryancornia/.m2/repository/xerces/xercesImpl/2.6.1/xercesImpl-2.6.1.jar:/Users/ryancornia/.m2/repository/nekohtml/nekohtml/0.9.5/nekohtml-0.9.5.jar:/Users/ryancornia/.m2/repository/pdfbox/pdfbox/0.7.3/pdfbox-0.7.3.jar:/Users/ryancornia/.m2/repository/org/fontbox/fontbox/0.1.0/fontbox-0.1.0.jar:/Users/ryancornia/.m2/repository/org/jempbox/jempbox/0.2.0/jempbox-0.2.0.jar:/Users/ryancornia/.m2/repository/bouncycastle/bcmail-jdk14/136/bcmail-jdk14-136.jar:/Users/ryancornia/.m2/repository/bouncycastle/bcprov-jdk14/136/bcprov-jdk14-136.jar:/Users/ryancornia/.m2/repository/log4j/log4j/1.2.14/log4j-1.2.14.jar:/Users/ryancornia/.m2/repository/gov/nih/nlm/nls/metamapapi/2009.2/metamapapi-2009.2.jar:/Users/ryancornia/.m2/repository/se/sics/prologbeans/2009.2/prologbeans-2009.2.jar:/Users/ryancornia/.m2/repository/org/projectlombok/lombok/0.9.2/lombok-0.9.2.jar:/Users/ryancornia/.m2/repository/commons-validator/commons-validator/1.3.1/commons-validator-1.3.1.jar:/Users/ryancornia/.m2/repository/commons-beanutils/commons-beanutils/1.7.0/commons-beanutils-1.7.0.jar:/Users/ryancornia/.m2/repository/commons-digester/commons-digester/1.6/commons-digester-1.6.jar:/Users/ryancornia/.m2/repository/commons-collections/commons-collections/3.1/commons-collections-3.1.jar:/Users/ryancornia/.m2/repository/xml-apis/xml-apis/1.0.b2/xml-apis-1.0.b2.jar:/Users/ryancornia/.m2/repository/opensymphony/sitemesh/2.4.2/sitemesh-2.4.2.jar:/Users/ryancornia/.m2/repository/displaytag/displaytag/1.2/displaytag-1.2.jar:/Users/ryancornia/.m2/repository/com/lowagie/itext/1.3/itext-1.3.jar:/Users/ryancornia/.m2/repository/org/slf4j/jcl104-over-slf4j/1.4.2/jcl104-over-slf4j-1.4.2.jar:/Users/ryancornia/.m2/repository/org/slf4j/slf4j-log4j12/1.4.2/slf4j-log4j12-1.4.2.jar:/Users/ryancornia/.m2/repository/org/slf4j/slf4j-api/1.4.2/slf4j-api-1.4.2.jar:/Users/ryancornia/.m2/repository/javax/servlet/servlet-api/2.5/servlet-api-2.5.jar:/Users/ryancornia/.m2/repository/org/apache/tomcat/jsp-api/6.0.29/jsp-api-6.0.29.jar:/Users/ryancornia/.m2/repository/org/apache/tomcat/el-api/6.0.29/el-api-6.0.29.jar:/Users/ryancornia/.m2/repository/org/apache/tomcat/servlet-api/6.0.29/servlet-api-6.0.29.jar:"/>
    <property name="java.vm.specification.version" value="1.0"/>
    <property name="sun.arch.data.model" value="64"/>
    <property name="java.home" value="/System/Library/Java/JavaVirtualMachines/1.6.0.jdk/Contents/Home"/>
    <property name="java.specification.vendor" value="Sun Microsystems Inc."/>
    <property name="user.language" value="en"/>
    <property name="awt.toolkit" value="apple.awt.CToolkit"/>
    <property name="java.vm.info" value="mixed mode"/>
    <property name="java.version" value="1.6.0_22"/>
    <property name="java.ext.dirs" value="/Users/ryancornia/Library/Java/Extensions:/Library/Java/Extensions:/System/Library/Java/Extensions:/System/Library/Java/JavaVirtualMachines/1.6.0.jdk/Contents/Home/lib/ext"/>
    <property name="sun.boot.class.path" value="/System/Library/Java/JavaVirtualMachines/1.6.0.jdk/Contents/Classes/jsfd.jar:/System/Library/Java/JavaVirtualMachines/1.6.0.jdk/Contents/Classes/classes.jar:/System/Library/Frameworks/JavaVM.framework/Frameworks/JavaRuntimeSupport.framework/Resources/Java/JavaRuntimeSupport.jar:/System/Library/Java/JavaVirtualMachines/1.6.0.jdk/Contents/Classes/ui.jar:/System/Library/Java/JavaVirtualMachines/1.6.0.jdk/Contents/Classes/laf.jar:/System/Library/Java/JavaVirtualMachines/1.6.0.jdk/Contents/Classes/sunrsasign.jar:/System/Library/Java/JavaVirtualMachines/1.6.0.jdk/Contents/Classes/jsse.jar:/System/Library/Java/JavaVirtualMachines/1.6.0.jdk/Contents/Classes/jce.jar:/System/Library/Java/JavaVirtualMachines/1.6.0.jdk/Contents/Classes/charsets.jar"/>
    <property name="java.vendor" value="Apple Inc."/>
    <property name="localRepository" value="/Users/ryancornia/.m2/repository"/>
    <property name="file.separator" value="/"/>
    <property name="java.vendor.url.bug" value="http://bugreport.apple.com/"/>
    <property name="sun.cpu.endian" value="little"/>
    <property name="sun.io.unicode.encoding" value="UnicodeLittle"/>
    <property name="mrj.version" value="1060.1.6.0_22-307"/>
    <property name="socksNonProxyHosts" value="local|*.local|169.254/16|*.169.254/16"/>
    <property name="ftp.nonProxyHosts" value="local|*.local|169.254/16|*.169.254/16"/>
    <property name="sun.cpu.isalist" value=""/>
  </properties>
  <testcase time="0.012" classname="gov.va.research.inlp.model.VttDocumentTest" name="testSetterGetter">
    <failure message=" exception thrown on field: annotations" type="junit.framework.AssertionFailedError">junit.framework.AssertionFailedError:  exception thrown on field: annotations
	at junit.framework.Assert.fail(Assert.java:47)
	at gov.va.research.test.GetterSetterTester.testGetterAndSetter(GetterSetterTester.java:245)
	at gov.va.research.test.GetterSetterTester.testInstance(GetterSetterTester.java:101)
	at gov.va.research.test.GetterSetterTester.testClass(GetterSetterTester.java:127)
	at gov.va.research.inlp.model.VttDocumentTest.testSetterGetter(VttDocumentTest.java:13)
	at sun.reflect.NativeMethodAccessorImpl.invoke0(Native Method)
	at sun.reflect.NativeMethodAccessorImpl.invoke(NativeMethodAccessorImpl.java:39)
	at sun.reflect.DelegatingMethodAccessorImpl.invoke(DelegatingMethodAccessorImpl.java:25)
	at java.lang.reflect.Method.invoke(Method.java:597)
	at junit.framework.TestCase.runTest(TestCase.java:168)
	at junit.framework.TestCase.runBare(TestCase.java:134)
	at junit.framework.TestResult$1.protect(TestResult.java:110)
	at junit.framework.TestResult.runProtected(TestResult.java:128)
	at junit.framework.TestResult.run(TestResult.java:113)
	at junit.framework.TestCase.run(TestCase.java:124)
	at junit.framework.TestSuite.runTest(TestSuite.java:232)
	at junit.framework.TestSuite.run(TestSuite.java:227)
	at org.junit.internal.runners.JUnit38ClassRunner.run(JUnit38ClassRunner.java:83)
	at org.apache.maven.surefire.junit4.JUnit4TestSet.execute(JUnit4TestSet.java:62)
	at org.apache.maven.surefire.suite.AbstractDirectoryTestSuite.executeTestSet(AbstractDirectoryTestSuite.java:140)
	at org.apache.maven.surefire.suite.AbstractDirectoryTestSuite.execute(AbstractDirectoryTestSuite.java:127)
	at org.apache.maven.surefire.Surefire.run(Surefire.java:177)
	at sun.reflect.NativeMethodAccessorImpl.invoke0(Native Method)
	at sun.reflect.NativeMethodAccessorImpl.invoke(NativeMethodAccessorImpl.java:39)
	at sun.reflect.DelegatingMethodAccessorImpl.invoke(DelegatingMethodAccessorImpl.java:25)
	at java.lang.reflect.Method.invoke(Method.java:597)
	at org.apache.maven.surefire.booter.SurefireBooter.runSuitesInProcess(SurefireBooter.java:345)
	at org.apache.maven.surefire.booter.SurefireBooter.main(SurefireBooter.java:1009)
</failure>
    <system-err>java.lang.reflect.InvocationTargetException
	at sun.reflect.NativeMethodAccessorImpl.invoke0(Native Method)
	at sun.reflect.NativeMethodAccessorImpl.invoke(NativeMethodAccessorImpl.java:39)
	at sun.reflect.DelegatingMethodAccessorImpl.invoke(DelegatingMethodAccessorImpl.java:25)
	at java.lang.reflect.Method.invoke(Method.java:597)
	at gov.va.research.test.GetterSetterTester.testGetterAndSetter(GetterSetterTester.java:237)
	at gov.va.research.test.GetterSetterTester.testInstance(GetterSetterTester.java:101)
	at gov.va.research.test.GetterSetterTester.testClass(GetterSetterTester.java:127)
	at gov.va.research.inlp.model.VttDocumentTest.testSetterGetter(VttDocumentTest.java:13)
	at sun.reflect.NativeMethodAccessorImpl.invoke0(Native Method)
	at sun.reflect.NativeMethodAccessorImpl.invoke(NativeMethodAccessorImpl.java:39)
	at sun.reflect.DelegatingMethodAccessorImpl.invoke(DelegatingMethodAccessorImpl.java:25)
	at java.lang.reflect.Method.invoke(Method.java:597)
	at junit.framework.TestCase.runTest(TestCase.java:168)
	at junit.framework.TestCase.runBare(TestCase.java:134)
	at junit.framework.TestResult$1.protect(TestResult.java:110)
	at junit.framework.TestResult.runProtected(TestResult.java:128)
	at junit.framework.TestResult.run(TestResult.java:113)
	at junit.framework.TestCase.run(TestCase.java:124)
	at junit.framework.TestSuite.runTest(TestSuite.java:232)
	at junit.framework.TestSuite.run(TestSuite.java:227)
	at org.junit.internal.runners.JUnit38ClassRunner.run(JUnit38ClassRunner.java:83)
	at org.apache.maven.surefire.junit4.JUnit4TestSet.execute(JUnit4TestSet.java:62)
	at org.apache.maven.surefire.suite.AbstractDirectoryTestSuite.executeTestSet(AbstractDirectoryTestSuite.java:140)
	at org.apache.maven.surefire.suite.AbstractDirectoryTestSuite.execute(AbstractDirectoryTestSuite.java:127)
	at org.apache.maven.surefire.Surefire.run(Surefire.java:177)
	at sun.reflect.NativeMethodAccessorImpl.invoke0(Native Method)
	at sun.reflect.NativeMethodAccessorImpl.invoke(NativeMethodAccessorImpl.java:39)
	at sun.reflect.DelegatingMethodAccessorImpl.invoke(DelegatingMethodAccessorImpl.java:25)
	at java.lang.reflect.Method.invoke(Method.java:597)
	at org.apache.maven.surefire.booter.SurefireBooter.runSuitesInProcess(SurefireBooter.java:345)
	at org.apache.maven.surefire.booter.SurefireBooter.main(SurefireBooter.java:1009)
Caused by: java.lang.IllegalArgumentException: Annotation list cannot be null.
	at gov.va.vinci.cm.Document.setAnnotations(Document.java:215)
	... 31 more
</system-err>
  </testcase>
</testsuite>